<?xml version="1.0" encoding="UTF-8"?>
<!-- Generated by org.testng.reporters.JUnitReportReporter -->
<testsuite hostname="DESKTOP-LQ6L55O" failures="0" tests="14" name="Testcases.AlreadyhaveanOTP" time="227.329" errors="4" timestamp="2024-09-30T16:39:21 IST" skipped="0">
  <testcase classname="Testcases.AlreadyhaveanOTP" name="VERIFY_THAT_SAFELOCK_USER_ENTER_THE_ACTIVATION_CODE_ON_ACTIVATION_FIELD" time="3.538"/>
  <system-out/>
  <testcase classname="Testcases.AlreadyhaveanOTP" name="VERIFY_THAT_USER_NAVIGATED_INTO_LOGIN_PAGE_AFTER_CLICKED_SUBMIT_BUTTON" time="2.222"/>
  <system-out/>
  <testcase classname="Testcases.AlreadyhaveanOTP" name="VERIFY_THAT_USER_ABLE_TO_ENTER_THE_EMAIL_ID_WHEN_KEYBOARD_APPEARS_BY_DEFAULT" time="3.442"/>
  <system-out/>
  <testcase classname="Testcases.AlreadyhaveanOTP" name="VERIFY_THAT_USER_ABLE_TO_ENTER_THE_PASSWORD_ON_THE_PASSWORD_FIELD" time="3.562"/>
  <system-out/>
  <testcase classname="Testcases.AlreadyhaveanOTP" name="VERIFY_THAT_SAFELOCK_APP_LOGGED_IN_SUCCESSFULLY_BY_CLICK_ON_SUBMIT_BUTTON" time="3.507"/>
  <system-out/>
  <testcase classname="Testcases.AlreadyhaveanOTP" name="VERIFY_THAT_CREATED_ACCESS_IS_LISTED_IN_THE_ACCESS_PAGE" time="3.350">
    <error message="Could not parse selector expression `new UiSelector().description(&#039;Access Name demolock6 Date &amp; Time Range Mon, Sep 30, 2024 12:00 AM - Tue, Sep 30, 2025 11:30 PM Available Days MON TUE WED THU FRI SAT SUN&#039;)`: `UiSelector` doesn&#039;t have suitable method `description` with arguments [&#039;Access Name demolock6 Date &amp; Time Range Mon, Sep 30, 2024 12:00 AM - Tue, Sep 30, 2025 11:30 PM Available Days MON TUE WED THU FRI SAT SUN&#039;]: Could not parse selector expression `new UiSelector().description(&#039;Access Name demolock6 Date &amp; Time Range Mon, Sep 30, 2024 12:00 AM - Tue, Sep 30, 2025 11:30 PM Available Days MON TUE WED THU FRI SAT SUN&#039;)`: Invalid arguments count. Actual: 5. Expected: 1.
For documentation on this error, please visit: https://www.selenium.dev/documentation/webdriver/troubleshooting/errors#invalid-selector-exception
Build info: version: &#039;4.21.0&#039;, revision: &#039;79ed462ef4&#039;
System info: os.name: &#039;Windows 10&#039;, os.arch: &#039;amd64&#039;, os.version: &#039;10.0&#039;, java.version: &#039;11.0.24&#039;
Driver info: io.appium.java_client.android.AndroidDriver
Command: [5f076b96-3fa9-4796-907e-8277e363b9d0, findElement {value=new UiSelector().description(&#039;Access Name demolock6 Date &amp; Time Range Mon, Sep 30, 2024 12:00 AM - Tue, Sep 30, 2025 11:30 PM Available Days MON TUE WED THU FRI SAT SUN&#039;), using=-android uiautomator}]
Capabilities {appium:app: F:\selyek 40.apk, appium:appPackage: com.sterna.s4r_saas, appium:automationName: UiAutomator2, appium:commandTimeout: 600, appium:databaseEnabled: false, appium:desired: {app: F:\selyek 40.apk, automationName: UiAutomator2, commandTimeout: 600, deviceName: TKW88H9TONSSQG6D, newCommandTimeout: 600, platformName: ANDROID, platformVersion: 12}, appium:deviceApiLevel: 31, appium:deviceManufacturer: OPPO, appium:deviceModel: CPH2119, appium:deviceName: TKW88H9TONSSQG6D, appium:deviceScreenDensity: 480, appium:deviceScreenSize: 1080x2400, appium:deviceUDID: TKW88H9TONSSQG6D, appium:javascriptEnabled: true, appium:locationContextEnabled: false, appium:networkConnectionEnabled: true, appium:newCommandTimeout: 600, appium:pixelRatio: 3, appium:platformVersion: 12, appium:statBarHeight: 110, appium:takesScreenshot: true, appium:viewportRect: {height: 2290, left: 0, top: 110, width: 1080}, appium:warnings: {}, appium:webStorageEnabled: false, platformName: ANDROID}
Session ID: 5f076b96-3fa9-4796-907e-8277e363b9d0" type="org.openqa.selenium.InvalidSelectorException">
      <![CDATA[org.openqa.selenium.InvalidSelectorException: Could not parse selector expression `new UiSelector().description('Access Name demolock6 Date & Time Range Mon, Sep 30, 2024 12:00 AM - Tue, Sep 30, 2025 11:30 PM Available Days MON TUE WED THU FRI SAT SUN')`: `UiSelector` doesn't have suitable method `description` with arguments ['Access Name demolock6 Date & Time Range Mon, Sep 30, 2024 12:00 AM - Tue, Sep 30, 2025 11:30 PM Available Days MON TUE WED THU FRI SAT SUN']: Could not parse selector expression `new UiSelector().description('Access Name demolock6 Date & Time Range Mon, Sep 30, 2024 12:00 AM - Tue, Sep 30, 2025 11:30 PM Available Days MON TUE WED THU FRI SAT SUN')`: Invalid arguments count. Actual: 5. Expected: 1.
For documentation on this error, please visit: https://www.selenium.dev/documentation/webdriver/troubleshooting/errors#invalid-selector-exception
Build info: version: '4.21.0', revision: '79ed462ef4'
System info: os.name: 'Windows 10', os.arch: 'amd64', os.version: '10.0', java.version: '11.0.24'
Driver info: io.appium.java_client.android.AndroidDriver
Command: [5f076b96-3fa9-4796-907e-8277e363b9d0, findElement {value=new UiSelector().description('Access Name demolock6 Date & Time Range Mon, Sep 30, 2024 12:00 AM - Tue, Sep 30, 2025 11:30 PM Available Days MON TUE WED THU FRI SAT SUN'), using=-android uiautomator}]
Capabilities {appium:app: F:\selyek 40.apk, appium:appPackage: com.sterna.s4r_saas, appium:automationName: UiAutomator2, appium:commandTimeout: 600, appium:databaseEnabled: false, appium:desired: {app: F:\selyek 40.apk, automationName: UiAutomator2, commandTimeout: 600, deviceName: TKW88H9TONSSQG6D, newCommandTimeout: 600, platformName: ANDROID, platformVersion: 12}, appium:deviceApiLevel: 31, appium:deviceManufacturer: OPPO, appium:deviceModel: CPH2119, appium:deviceName: TKW88H9TONSSQG6D, appium:deviceScreenDensity: 480, appium:deviceScreenSize: 1080x2400, appium:deviceUDID: TKW88H9TONSSQG6D, appium:javascriptEnabled: true, appium:locationContextEnabled: false, appium:networkConnectionEnabled: true, appium:newCommandTimeout: 600, appium:pixelRatio: 3, appium:platformVersion: 12, appium:statBarHeight: 110, appium:takesScreenshot: true, appium:viewportRect: {height: 2290, left: 0, top: 110, width: 1080}, appium:warnings: {}, appium:webStorageEnabled: false, platformName: ANDROID}
Session ID: 5f076b96-3fa9-4796-907e-8277e363b9d0
at java.base/jdk.internal.reflect.NativeConstructorAccessorImpl.newInstance0(Native Method)
at java.base/jdk.internal.reflect.NativeConstructorAccessorImpl.newInstance(NativeConstructorAccessorImpl.java:62)
at java.base/jdk.internal.reflect.DelegatingConstructorAccessorImpl.newInstance(DelegatingConstructorAccessorImpl.java:45)
at java.base/java.lang.reflect.Constructor.newInstance(Constructor.java:490)
at org.openqa.selenium.remote.ErrorCodec.decode(ErrorCodec.java:167)
at org.openqa.selenium.remote.codec.w3c.W3CHttpResponseCodec.decode(W3CHttpResponseCodec.java:138)
at org.openqa.selenium.remote.codec.w3c.W3CHttpResponseCodec.decode(W3CHttpResponseCodec.java:50)
at org.openqa.selenium.remote.HttpCommandExecutor.execute(HttpCommandExecutor.java:190)
at io.appium.java_client.remote.AppiumCommandExecutor.execute(AppiumCommandExecutor.java:237)
at org.openqa.selenium.remote.RemoteWebDriver.execute(RemoteWebDriver.java:518)
at org.openqa.selenium.remote.ElementLocation$ElementFinder$2.findElement(ElementLocation.java:165)
at org.openqa.selenium.remote.ElementLocation.findElement(ElementLocation.java:66)
at org.openqa.selenium.remote.RemoteWebDriver.findElement(RemoteWebDriver.java:355)
at org.openqa.selenium.remote.RemoteWebDriver.findElement(RemoteWebDriver.java:349)
at Testcases.AlreadyhaveanOTP.VERIFY_THAT_CREATED_ACCESS_IS_LISTED_IN_THE_ACCESS_PAGE(AlreadyhaveanOTP.java:106)
at java.base/jdk.internal.reflect.NativeMethodAccessorImpl.invoke0(Native Method)
at java.base/jdk.internal.reflect.NativeMethodAccessorImpl.invoke(NativeMethodAccessorImpl.java:62)
at java.base/jdk.internal.reflect.DelegatingMethodAccessorImpl.invoke(DelegatingMethodAccessorImpl.java:43)
at java.base/java.lang.reflect.Method.invoke(Method.java:566)
at org.testng.internal.MethodInvocationHelper.invokeMethod(MethodInvocationHelper.java:133)
at org.testng.internal.TestInvoker.invokeMethod(TestInvoker.java:598)
at org.testng.internal.TestInvoker.invokeTestMethod(TestInvoker.java:173)
at org.testng.internal.MethodRunner.runInSequence(MethodRunner.java:46)
at org.testng.internal.TestInvoker$MethodInvocationAgent.invoke(TestInvoker.java:824)
at org.testng.internal.TestInvoker.invokeTestMethods(TestInvoker.java:146)
at org.testng.internal.TestMethodWorker.invokeTestMethods(TestMethodWorker.java:146)
at org.testng.internal.TestMethodWorker.run(TestMethodWorker.java:128)
at java.base/java.util.ArrayList.forEach(ArrayList.java:1541)
at org.testng.TestRunner.privateRun(TestRunner.java:794)
at org.testng.TestRunner.run(TestRunner.java:596)
at org.testng.SuiteRunner.runTest(SuiteRunner.java:377)
at org.testng.SuiteRunner.runSequentially(SuiteRunner.java:371)
at org.testng.SuiteRunner.privateRun(SuiteRunner.java:332)
at org.testng.SuiteRunner.run(SuiteRunner.java:276)
at org.testng.SuiteRunnerWorker.runSuite(SuiteRunnerWorker.java:53)
at org.testng.SuiteRunnerWorker.run(SuiteRunnerWorker.java:96)
at org.testng.TestNG.runSuitesSequentially(TestNG.java:1212)
at org.testng.TestNG.runSuitesLocally(TestNG.java:1134)
at org.testng.TestNG.runSuites(TestNG.java:1063)
at org.testng.TestNG.run(TestNG.java:1031)
at org.testng.remote.AbstractRemoteTestNG.run(AbstractRemoteTestNG.java:115)
at org.testng.remote.RemoteTestNG.initAndRun(RemoteTestNG.java:293)
at org.testng.remote.RemoteTestNG.main(RemoteTestNG.java:91)
]]>
    </error>
  </testcase> <!-- VERIFY_THAT_CREATED_ACCESS_IS_LISTED_IN_THE_ACCESS_PAGE -->
  <system-out/>
  <testcase classname="Testcases.AlreadyhaveanOTP" name="VERIFY_THAT_BLUETOOTH_IS_ENALBED_BY_CLICKING_ON_ALLOW_BUUTON" time="120.136"/>
  <system-out/>
  <testcase classname="Testcases.AlreadyhaveanOTP" name="VERIFY_THAT_LOCATION_IS_ALLOWED_BY_CLICKING_ON_ALLOW_OPTION" time="63.368"/>
  <system-out/>
  <testcase classname="Testcases.AlreadyhaveanOTP" name="VERIFY_THAT_SELECTED_LOCK_IS_SEARCHED_AND_CONNECTED_TO_THE_DEVICE" time="3.010"/>
  <system-out/>
  <testcase classname="Testcases.AlreadyhaveanOTP" name="VERIFY_THAT_USER_LOADED_WITH_OPEN_LOCK_PAGE_ALONG_WITH_CONTROLLER_DETAILS" time="5.026">
    <error message="An unknown server-side error occurred while processing the command. Original error: &#039;POST /element&#039; cannot be proxied to UiAutomator2 server because the instrumentation process is not running (probably crashed). Check the server log and/or the logcat output for more details
Build info: version: &#039;4.21.0&#039;, revision: &#039;79ed462ef4&#039;
System info: os.name: &#039;Windows 10&#039;, os.arch: &#039;amd64&#039;, os.version: &#039;10.0&#039;, java.version: &#039;11.0.24&#039;
Driver info: io.appium.java_client.android.AndroidDriver
Command: [5f076b96-3fa9-4796-907e-8277e363b9d0, findElement {value=//android.view.View[@content-desc=&#039;D1.A0003&#039;], using=xpath}]
Capabilities {appium:app: F:\selyek 40.apk, appium:appPackage: com.sterna.s4r_saas, appium:automationName: UiAutomator2, appium:commandTimeout: 600, appium:databaseEnabled: false, appium:desired: {app: F:\selyek 40.apk, automationName: UiAutomator2, commandTimeout: 600, deviceName: TKW88H9TONSSQG6D, newCommandTimeout: 600, platformName: ANDROID, platformVersion: 12}, appium:deviceApiLevel: 31, appium:deviceManufacturer: OPPO, appium:deviceModel: CPH2119, appium:deviceName: TKW88H9TONSSQG6D, appium:deviceScreenDensity: 480, appium:deviceScreenSize: 1080x2400, appium:deviceUDID: TKW88H9TONSSQG6D, appium:javascriptEnabled: true, appium:locationContextEnabled: false, appium:networkConnectionEnabled: true, appium:newCommandTimeout: 600, appium:pixelRatio: 3, appium:platformVersion: 12, appium:statBarHeight: 110, appium:takesScreenshot: true, appium:viewportRect: {height: 2290, left: 0, top: 110, width: 1080}, appium:warnings: {}, appium:webStorageEnabled: false, platformName: ANDROID}
Session ID: 5f076b96-3fa9-4796-907e-8277e363b9d0" type="org.openqa.selenium.WebDriverException">
      <![CDATA[org.openqa.selenium.WebDriverException: An unknown server-side error occurred while processing the command. Original error: 'POST /element' cannot be proxied to UiAutomator2 server because the instrumentation process is not running (probably crashed). Check the server log and/or the logcat output for more details
Build info: version: '4.21.0', revision: '79ed462ef4'
System info: os.name: 'Windows 10', os.arch: 'amd64', os.version: '10.0', java.version: '11.0.24'
Driver info: io.appium.java_client.android.AndroidDriver
Command: [5f076b96-3fa9-4796-907e-8277e363b9d0, findElement {value=//android.view.View[@content-desc='D1.A0003'], using=xpath}]
Capabilities {appium:app: F:\selyek 40.apk, appium:appPackage: com.sterna.s4r_saas, appium:automationName: UiAutomator2, appium:commandTimeout: 600, appium:databaseEnabled: false, appium:desired: {app: F:\selyek 40.apk, automationName: UiAutomator2, commandTimeout: 600, deviceName: TKW88H9TONSSQG6D, newCommandTimeout: 600, platformName: ANDROID, platformVersion: 12}, appium:deviceApiLevel: 31, appium:deviceManufacturer: OPPO, appium:deviceModel: CPH2119, appium:deviceName: TKW88H9TONSSQG6D, appium:deviceScreenDensity: 480, appium:deviceScreenSize: 1080x2400, appium:deviceUDID: TKW88H9TONSSQG6D, appium:javascriptEnabled: true, appium:locationContextEnabled: false, appium:networkConnectionEnabled: true, appium:newCommandTimeout: 600, appium:pixelRatio: 3, appium:platformVersion: 12, appium:statBarHeight: 110, appium:takesScreenshot: true, appium:viewportRect: {height: 2290, left: 0, top: 110, width: 1080}, appium:warnings: {}, appium:webStorageEnabled: false, platformName: ANDROID}
Session ID: 5f076b96-3fa9-4796-907e-8277e363b9d0
at java.base/jdk.internal.reflect.NativeConstructorAccessorImpl.newInstance0(Native Method)
at java.base/jdk.internal.reflect.NativeConstructorAccessorImpl.newInstance(NativeConstructorAccessorImpl.java:62)
at java.base/jdk.internal.reflect.DelegatingConstructorAccessorImpl.newInstance(DelegatingConstructorAccessorImpl.java:45)
at java.base/java.lang.reflect.Constructor.newInstance(Constructor.java:490)
at org.openqa.selenium.remote.ErrorCodec.decode(ErrorCodec.java:167)
at org.openqa.selenium.remote.codec.w3c.W3CHttpResponseCodec.decode(W3CHttpResponseCodec.java:138)
at org.openqa.selenium.remote.codec.w3c.W3CHttpResponseCodec.decode(W3CHttpResponseCodec.java:50)
at org.openqa.selenium.remote.HttpCommandExecutor.execute(HttpCommandExecutor.java:190)
at io.appium.java_client.remote.AppiumCommandExecutor.execute(AppiumCommandExecutor.java:237)
at org.openqa.selenium.remote.RemoteWebDriver.execute(RemoteWebDriver.java:518)
at org.openqa.selenium.remote.ElementLocation$ElementFinder$2.findElement(ElementLocation.java:165)
at org.openqa.selenium.remote.ElementLocation.findElement(ElementLocation.java:59)
at org.openqa.selenium.remote.RemoteWebDriver.findElement(RemoteWebDriver.java:355)
at org.openqa.selenium.remote.RemoteWebDriver.findElement(RemoteWebDriver.java:349)
at org.openqa.selenium.support.pagefactory.DefaultElementLocator.findElement(DefaultElementLocator.java:68)
at org.openqa.selenium.support.pagefactory.internal.LocatingElementHandler.invoke(LocatingElementHandler.java:38)
at com.sun.proxy.$Proxy14.getAttribute(Unknown Source)
at Testcases.AlreadyhaveanOTP.VERIFY_THAT_USER_LOADED_WITH_OPEN_LOCK_PAGE_ALONG_WITH_CONTROLLER_DETAILS(AlreadyhaveanOTP.java:145)
at java.base/jdk.internal.reflect.NativeMethodAccessorImpl.invoke0(Native Method)
at java.base/jdk.internal.reflect.NativeMethodAccessorImpl.invoke(NativeMethodAccessorImpl.java:62)
at java.base/jdk.internal.reflect.DelegatingMethodAccessorImpl.invoke(DelegatingMethodAccessorImpl.java:43)
at java.base/java.lang.reflect.Method.invoke(Method.java:566)
at org.testng.internal.MethodInvocationHelper.invokeMethod(MethodInvocationHelper.java:133)
at org.testng.internal.TestInvoker.invokeMethod(TestInvoker.java:598)
at org.testng.internal.TestInvoker.invokeTestMethod(TestInvoker.java:173)
at org.testng.internal.MethodRunner.runInSequence(MethodRunner.java:46)
at org.testng.internal.TestInvoker$MethodInvocationAgent.invoke(TestInvoker.java:824)
at org.testng.internal.TestInvoker.invokeTestMethods(TestInvoker.java:146)
at org.testng.internal.TestMethodWorker.invokeTestMethods(TestMethodWorker.java:146)
at org.testng.internal.TestMethodWorker.run(TestMethodWorker.java:128)
at java.base/java.util.ArrayList.forEach(ArrayList.java:1541)
at org.testng.TestRunner.privateRun(TestRunner.java:794)
at org.testng.TestRunner.run(TestRunner.java:596)
at org.testng.SuiteRunner.runTest(SuiteRunner.java:377)
at org.testng.SuiteRunner.runSequentially(SuiteRunner.java:371)
at org.testng.SuiteRunner.privateRun(SuiteRunner.java:332)
at org.testng.SuiteRunner.run(SuiteRunner.java:276)
at org.testng.SuiteRunnerWorker.runSuite(SuiteRunnerWorker.java:53)
at org.testng.SuiteRunnerWorker.run(SuiteRunnerWorker.java:96)
at org.testng.TestNG.runSuitesSequentially(TestNG.java:1212)
at org.testng.TestNG.runSuitesLocally(TestNG.java:1134)
at org.testng.TestNG.runSuites(TestNG.java:1063)
at org.testng.TestNG.run(TestNG.java:1031)
at org.testng.remote.AbstractRemoteTestNG.run(AbstractRemoteTestNG.java:115)
at org.testng.remote.RemoteTestNG.initAndRun(RemoteTestNG.java:293)
at org.testng.remote.RemoteTestNG.main(RemoteTestNG.java:91)
]]>
    </error>
  </testcase> <!-- VERIFY_THAT_USER_LOADED_WITH_OPEN_LOCK_PAGE_ALONG_WITH_CONTROLLER_DETAILS -->
  <system-out/>
  <testcase classname="Testcases.AlreadyhaveanOTP" name="VERIFY_THAT_USER_NAVIAGETED_INTO_GET_OTP_SCREEN_SUCCESSFULLY" time="2.082"/>
  <system-out/>
  <testcase classname="Testcases.AlreadyhaveanOTP" name="VERIFY_THAT_LOCK_OPENED_SUCCESSFILLY_AFTER_ENTERED_THE_OTP_By_Click_Submit_AND_STATUS_CHANGED_INTO_OPENED" time="0.020">
    <error message="An unknown server-side error occurred while processing the command. Original error: &#039;POST /element&#039; cannot be proxied to UiAutomator2 server because the instrumentation process is not running (probably crashed). Check the server log and/or the logcat output for more details
Build info: version: &#039;4.21.0&#039;, revision: &#039;79ed462ef4&#039;
System info: os.name: &#039;Windows 10&#039;, os.arch: &#039;amd64&#039;, os.version: &#039;10.0&#039;, java.version: &#039;11.0.24&#039;
Driver info: io.appium.java_client.android.AndroidDriver
Command: [5f076b96-3fa9-4796-907e-8277e363b9d0, findElement {value=//android.view.View[contains(@content-desc, &#039;successfully opened&#039;)], using=xpath}]
Capabilities {appium:app: F:\selyek 40.apk, appium:appPackage: com.sterna.s4r_saas, appium:automationName: UiAutomator2, appium:commandTimeout: 600, appium:databaseEnabled: false, appium:desired: {app: F:\selyek 40.apk, automationName: UiAutomator2, commandTimeout: 600, deviceName: TKW88H9TONSSQG6D, newCommandTimeout: 600, platformName: ANDROID, platformVersion: 12}, appium:deviceApiLevel: 31, appium:deviceManufacturer: OPPO, appium:deviceModel: CPH2119, appium:deviceName: TKW88H9TONSSQG6D, appium:deviceScreenDensity: 480, appium:deviceScreenSize: 1080x2400, appium:deviceUDID: TKW88H9TONSSQG6D, appium:javascriptEnabled: true, appium:locationContextEnabled: false, appium:networkConnectionEnabled: true, appium:newCommandTimeout: 600, appium:pixelRatio: 3, appium:platformVersion: 12, appium:statBarHeight: 110, appium:takesScreenshot: true, appium:viewportRect: {height: 2290, left: 0, top: 110, width: 1080}, appium:warnings: {}, appium:webStorageEnabled: false, platformName: ANDROID}
Session ID: 5f076b96-3fa9-4796-907e-8277e363b9d0" type="org.openqa.selenium.WebDriverException">
      <![CDATA[org.openqa.selenium.WebDriverException: An unknown server-side error occurred while processing the command. Original error: 'POST /element' cannot be proxied to UiAutomator2 server because the instrumentation process is not running (probably crashed). Check the server log and/or the logcat output for more details
Build info: version: '4.21.0', revision: '79ed462ef4'
System info: os.name: 'Windows 10', os.arch: 'amd64', os.version: '10.0', java.version: '11.0.24'
Driver info: io.appium.java_client.android.AndroidDriver
Command: [5f076b96-3fa9-4796-907e-8277e363b9d0, findElement {value=//android.view.View[contains(@content-desc, 'successfully opened')], using=xpath}]
Capabilities {appium:app: F:\selyek 40.apk, appium:appPackage: com.sterna.s4r_saas, appium:automationName: UiAutomator2, appium:commandTimeout: 600, appium:databaseEnabled: false, appium:desired: {app: F:\selyek 40.apk, automationName: UiAutomator2, commandTimeout: 600, deviceName: TKW88H9TONSSQG6D, newCommandTimeout: 600, platformName: ANDROID, platformVersion: 12}, appium:deviceApiLevel: 31, appium:deviceManufacturer: OPPO, appium:deviceModel: CPH2119, appium:deviceName: TKW88H9TONSSQG6D, appium:deviceScreenDensity: 480, appium:deviceScreenSize: 1080x2400, appium:deviceUDID: TKW88H9TONSSQG6D, appium:javascriptEnabled: true, appium:locationContextEnabled: false, appium:networkConnectionEnabled: true, appium:newCommandTimeout: 600, appium:pixelRatio: 3, appium:platformVersion: 12, appium:statBarHeight: 110, appium:takesScreenshot: true, appium:viewportRect: {height: 2290, left: 0, top: 110, width: 1080}, appium:warnings: {}, appium:webStorageEnabled: false, platformName: ANDROID}
Session ID: 5f076b96-3fa9-4796-907e-8277e363b9d0
at java.base/jdk.internal.reflect.NativeConstructorAccessorImpl.newInstance0(Native Method)
at java.base/jdk.internal.reflect.NativeConstructorAccessorImpl.newInstance(NativeConstructorAccessorImpl.java:62)
at java.base/jdk.internal.reflect.DelegatingConstructorAccessorImpl.newInstance(DelegatingConstructorAccessorImpl.java:45)
at java.base/java.lang.reflect.Constructor.newInstance(Constructor.java:490)
at org.openqa.selenium.remote.ErrorCodec.decode(ErrorCodec.java:167)
at org.openqa.selenium.remote.codec.w3c.W3CHttpResponseCodec.decode(W3CHttpResponseCodec.java:138)
at org.openqa.selenium.remote.codec.w3c.W3CHttpResponseCodec.decode(W3CHttpResponseCodec.java:50)
at org.openqa.selenium.remote.HttpCommandExecutor.execute(HttpCommandExecutor.java:190)
at io.appium.java_client.remote.AppiumCommandExecutor.execute(AppiumCommandExecutor.java:237)
at org.openqa.selenium.remote.RemoteWebDriver.execute(RemoteWebDriver.java:518)
at org.openqa.selenium.remote.ElementLocation$ElementFinder$2.findElement(ElementLocation.java:165)
at org.openqa.selenium.remote.ElementLocation.findElement(ElementLocation.java:59)
at org.openqa.selenium.remote.RemoteWebDriver.findElement(RemoteWebDriver.java:355)
at org.openqa.selenium.remote.RemoteWebDriver.findElement(RemoteWebDriver.java:349)
at org.openqa.selenium.support.ui.ExpectedConditions$7.apply(ExpectedConditions.java:194)
at org.openqa.selenium.support.ui.ExpectedConditions$7.apply(ExpectedConditions.java:190)
at org.openqa.selenium.support.ui.FluentWait.until(FluentWait.java:203)
at Testcases.AlreadyhaveanOTP.VERIFY_THAT_LOCK_OPENED_SUCCESSFILLY_AFTER_ENTERED_THE_OTP_By_Click_Submit_AND_STATUS_CHANGED_INTO_OPENED(AlreadyhaveanOTP.java:237)
at java.base/jdk.internal.reflect.NativeMethodAccessorImpl.invoke0(Native Method)
at java.base/jdk.internal.reflect.NativeMethodAccessorImpl.invoke(NativeMethodAccessorImpl.java:62)
at java.base/jdk.internal.reflect.DelegatingMethodAccessorImpl.invoke(DelegatingMethodAccessorImpl.java:43)
at java.base/java.lang.reflect.Method.invoke(Method.java:566)
at org.testng.internal.MethodInvocationHelper.invokeMethod(MethodInvocationHelper.java:133)
at org.testng.internal.TestInvoker.invokeMethod(TestInvoker.java:598)
at org.testng.internal.TestInvoker.invokeTestMethod(TestInvoker.java:173)
at org.testng.internal.MethodRunner.runInSequence(MethodRunner.java:46)
at org.testng.internal.TestInvoker$MethodInvocationAgent.invoke(TestInvoker.java:824)
at org.testng.internal.TestInvoker.invokeTestMethods(TestInvoker.java:146)
at org.testng.internal.TestMethodWorker.invokeTestMethods(TestMethodWorker.java:146)
at org.testng.internal.TestMethodWorker.run(TestMethodWorker.java:128)
at java.base/java.util.ArrayList.forEach(ArrayList.java:1541)
at org.testng.TestRunner.privateRun(TestRunner.java:794)
at org.testng.TestRunner.run(TestRunner.java:596)
at org.testng.SuiteRunner.runTest(SuiteRunner.java:377)
at org.testng.SuiteRunner.runSequentially(SuiteRunner.java:371)
at org.testng.SuiteRunner.privateRun(SuiteRunner.java:332)
at org.testng.SuiteRunner.run(SuiteRunner.java:276)
at org.testng.SuiteRunnerWorker.runSuite(SuiteRunnerWorker.java:53)
at org.testng.SuiteRunnerWorker.run(SuiteRunnerWorker.java:96)
at org.testng.TestNG.runSuitesSequentially(TestNG.java:1212)
at org.testng.TestNG.runSuitesLocally(TestNG.java:1134)
at org.testng.TestNG.runSuites(TestNG.java:1063)
at org.testng.TestNG.run(TestNG.java:1031)
at org.testng.remote.AbstractRemoteTestNG.run(AbstractRemoteTestNG.java:115)
at org.testng.remote.RemoteTestNG.initAndRun(RemoteTestNG.java:293)
at org.testng.remote.RemoteTestNG.main(RemoteTestNG.java:91)
]]>
    </error>
  </testcase> <!-- VERIFY_THAT_LOCK_OPENED_SUCCESSFILLY_AFTER_ENTERED_THE_OTP_By_Click_Submit_AND_STATUS_CHANGED_INTO_OPENED -->
  <system-out/>
  <testcase classname="Testcases.AlreadyhaveanOTP" name="VERIFY_THAT_LOCK_AUTOMATICALLY_CLOSED_AFTER_CONFIGURED_SECONDS_AND_STATUS_CHANGED_INTO_CLSOED" time="11.029">
    <error message="An unknown server-side error occurred while processing the command. Original error: &#039;POST /element&#039; cannot be proxied to UiAutomator2 server because the instrumentation process is not running (probably crashed). Check the server log and/or the logcat output for more details
Build info: version: &#039;4.21.0&#039;, revision: &#039;79ed462ef4&#039;
System info: os.name: &#039;Windows 10&#039;, os.arch: &#039;amd64&#039;, os.version: &#039;10.0&#039;, java.version: &#039;11.0.24&#039;
Driver info: io.appium.java_client.android.AndroidDriver
Command: [5f076b96-3fa9-4796-907e-8277e363b9d0, findElement {value=//android.view.View[contains(@content-desc, &#039;Status&#039;)], using=xpath}]
Capabilities {appium:app: F:\selyek 40.apk, appium:appPackage: com.sterna.s4r_saas, appium:automationName: UiAutomator2, appium:commandTimeout: 600, appium:databaseEnabled: false, appium:desired: {app: F:\selyek 40.apk, automationName: UiAutomator2, commandTimeout: 600, deviceName: TKW88H9TONSSQG6D, newCommandTimeout: 600, platformName: ANDROID, platformVersion: 12}, appium:deviceApiLevel: 31, appium:deviceManufacturer: OPPO, appium:deviceModel: CPH2119, appium:deviceName: TKW88H9TONSSQG6D, appium:deviceScreenDensity: 480, appium:deviceScreenSize: 1080x2400, appium:deviceUDID: TKW88H9TONSSQG6D, appium:javascriptEnabled: true, appium:locationContextEnabled: false, appium:networkConnectionEnabled: true, appium:newCommandTimeout: 600, appium:pixelRatio: 3, appium:platformVersion: 12, appium:statBarHeight: 110, appium:takesScreenshot: true, appium:viewportRect: {height: 2290, left: 0, top: 110, width: 1080}, appium:warnings: {}, appium:webStorageEnabled: false, platformName: ANDROID}
Session ID: 5f076b96-3fa9-4796-907e-8277e363b9d0" type="org.openqa.selenium.WebDriverException">
      <![CDATA[org.openqa.selenium.WebDriverException: An unknown server-side error occurred while processing the command. Original error: 'POST /element' cannot be proxied to UiAutomator2 server because the instrumentation process is not running (probably crashed). Check the server log and/or the logcat output for more details
Build info: version: '4.21.0', revision: '79ed462ef4'
System info: os.name: 'Windows 10', os.arch: 'amd64', os.version: '10.0', java.version: '11.0.24'
Driver info: io.appium.java_client.android.AndroidDriver
Command: [5f076b96-3fa9-4796-907e-8277e363b9d0, findElement {value=//android.view.View[contains(@content-desc, 'Status')], using=xpath}]
Capabilities {appium:app: F:\selyek 40.apk, appium:appPackage: com.sterna.s4r_saas, appium:automationName: UiAutomator2, appium:commandTimeout: 600, appium:databaseEnabled: false, appium:desired: {app: F:\selyek 40.apk, automationName: UiAutomator2, commandTimeout: 600, deviceName: TKW88H9TONSSQG6D, newCommandTimeout: 600, platformName: ANDROID, platformVersion: 12}, appium:deviceApiLevel: 31, appium:deviceManufacturer: OPPO, appium:deviceModel: CPH2119, appium:deviceName: TKW88H9TONSSQG6D, appium:deviceScreenDensity: 480, appium:deviceScreenSize: 1080x2400, appium:deviceUDID: TKW88H9TONSSQG6D, appium:javascriptEnabled: true, appium:locationContextEnabled: false, appium:networkConnectionEnabled: true, appium:newCommandTimeout: 600, appium:pixelRatio: 3, appium:platformVersion: 12, appium:statBarHeight: 110, appium:takesScreenshot: true, appium:viewportRect: {height: 2290, left: 0, top: 110, width: 1080}, appium:warnings: {}, appium:webStorageEnabled: false, platformName: ANDROID}
Session ID: 5f076b96-3fa9-4796-907e-8277e363b9d0
at java.base/jdk.internal.reflect.NativeConstructorAccessorImpl.newInstance0(Native Method)
at java.base/jdk.internal.reflect.NativeConstructorAccessorImpl.newInstance(NativeConstructorAccessorImpl.java:62)
at java.base/jdk.internal.reflect.DelegatingConstructorAccessorImpl.newInstance(DelegatingConstructorAccessorImpl.java:45)
at java.base/java.lang.reflect.Constructor.newInstance(Constructor.java:490)
at org.openqa.selenium.remote.ErrorCodec.decode(ErrorCodec.java:167)
at org.openqa.selenium.remote.codec.w3c.W3CHttpResponseCodec.decode(W3CHttpResponseCodec.java:138)
at org.openqa.selenium.remote.codec.w3c.W3CHttpResponseCodec.decode(W3CHttpResponseCodec.java:50)
at org.openqa.selenium.remote.HttpCommandExecutor.execute(HttpCommandExecutor.java:190)
at io.appium.java_client.remote.AppiumCommandExecutor.execute(AppiumCommandExecutor.java:237)
at org.openqa.selenium.remote.RemoteWebDriver.execute(RemoteWebDriver.java:518)
at org.openqa.selenium.remote.ElementLocation$ElementFinder$2.findElement(ElementLocation.java:165)
at org.openqa.selenium.remote.ElementLocation.findElement(ElementLocation.java:59)
at org.openqa.selenium.remote.RemoteWebDriver.findElement(RemoteWebDriver.java:355)
at org.openqa.selenium.remote.RemoteWebDriver.findElement(RemoteWebDriver.java:349)
at org.openqa.selenium.support.ui.ExpectedConditions$7.apply(ExpectedConditions.java:194)
at org.openqa.selenium.support.ui.ExpectedConditions$7.apply(ExpectedConditions.java:190)
at org.openqa.selenium.support.ui.FluentWait.until(FluentWait.java:203)
at Testcases.AlreadyhaveanOTP.VERIFY_THAT_LOCK_AUTOMATICALLY_CLOSED_AFTER_CONFIGURED_SECONDS_AND_STATUS_CHANGED_INTO_CLSOED(AlreadyhaveanOTP.java:262)
at java.base/jdk.internal.reflect.NativeMethodAccessorImpl.invoke0(Native Method)
at java.base/jdk.internal.reflect.NativeMethodAccessorImpl.invoke(NativeMethodAccessorImpl.java:62)
at java.base/jdk.internal.reflect.DelegatingMethodAccessorImpl.invoke(DelegatingMethodAccessorImpl.java:43)
at java.base/java.lang.reflect.Method.invoke(Method.java:566)
at org.testng.internal.MethodInvocationHelper.invokeMethod(MethodInvocationHelper.java:133)
at org.testng.internal.TestInvoker.invokeMethod(TestInvoker.java:598)
at org.testng.internal.TestInvoker.invokeTestMethod(TestInvoker.java:173)
at org.testng.internal.MethodRunner.runInSequence(MethodRunner.java:46)
at org.testng.internal.TestInvoker$MethodInvocationAgent.invoke(TestInvoker.java:824)
at org.testng.internal.TestInvoker.invokeTestMethods(TestInvoker.java:146)
at org.testng.internal.TestMethodWorker.invokeTestMethods(TestMethodWorker.java:146)
at org.testng.internal.TestMethodWorker.run(TestMethodWorker.java:128)
at java.base/java.util.ArrayList.forEach(ArrayList.java:1541)
at org.testng.TestRunner.privateRun(TestRunner.java:794)
at org.testng.TestRunner.run(TestRunner.java:596)
at org.testng.SuiteRunner.runTest(SuiteRunner.java:377)
at org.testng.SuiteRunner.runSequentially(SuiteRunner.java:371)
at org.testng.SuiteRunner.privateRun(SuiteRunner.java:332)
at org.testng.SuiteRunner.run(SuiteRunner.java:276)
at org.testng.SuiteRunnerWorker.runSuite(SuiteRunnerWorker.java:53)
at org.testng.SuiteRunnerWorker.run(SuiteRunnerWorker.java:96)
at org.testng.TestNG.runSuitesSequentially(TestNG.java:1212)
at org.testng.TestNG.runSuitesLocally(TestNG.java:1134)
at org.testng.TestNG.runSuites(TestNG.java:1063)
at org.testng.TestNG.run(TestNG.java:1031)
at org.testng.remote.AbstractRemoteTestNG.run(AbstractRemoteTestNG.java:115)
at org.testng.remote.RemoteTestNG.initAndRun(RemoteTestNG.java:293)
at org.testng.remote.RemoteTestNG.main(RemoteTestNG.java:91)
]]>
    </error>
  </testcase> <!-- VERIFY_THAT_LOCK_AUTOMATICALLY_CLOSED_AFTER_CONFIGURED_SECONDS_AND_STATUS_CHANGED_INTO_CLSOED -->
  <system-out/>
  <testcase classname="Testcases.AlreadyhaveanOTP" name="VERIFY_THAT_ALL_THE_PENDING_SYNC_EVENTS_SYNCED_SUCCESSFULLY" time="3.037"/>
  <system-out/>
</testsuite> <!-- Testcases.AlreadyhaveanOTP -->
