<?xml version="1.0" encoding="UTF-8"?>
<!-- Generated by org.testng.reporters.JUnitReportReporter -->
<testsuite hostname="DESKTOP-LQ6L55O" failures="0" tests="14" name="Testcases.SafelockLogin" time="220.305" errors="2" timestamp="2024-09-25T15:18:36 IST" skipped="0">
  <testcase classname="Testcases.SafelockLogin" name="VERIFY_THAT_SAFELOCK_USER_ENTER_THE_ACTIVATION_CODE_ON_ACTIVATION_FIELD" time="3.565"/>
  <system-out/>
  <testcase classname="Testcases.SafelockLogin" name="VERIFY_THAT_USER_NAVIGATED_INTO_LOGIN_PAGE_AFTER_CLICKED_SUBMIT_BUTTON" time="2.647"/>
  <system-out/>
  <testcase classname="Testcases.SafelockLogin" name="VERIFY_THAT_USER_ABLE_TO_ENTER_THE_EMAIL_ID_WHEN_KEYBOARD_APPEARS_BY_DEFAULT" time="2.650"/>
  <system-out/>
  <testcase classname="Testcases.SafelockLogin" name="VERIFY_THAT_USER_ABLE_TO_ENTER_THE_PASSWORD_ON_THE_PASSWORD_FIELD" time="3.462"/>
  <system-out/>
  <testcase classname="Testcases.SafelockLogin" name="VERIFY_THAT_SAFELOCK_APP_LOGGED_IN_SUCCESSFULLY_BY_CLICK_ON_SUBMIT_BUTTON" time="5.142"/>
  <system-out/>
  <testcase classname="Testcases.SafelockLogin" name="VERIFY_THAT_CREATED_ACCESS_IS_LISTED_IN_THE_ACCESS_PAGE" time="3.241"/>
  <system-out/>
  <testcase classname="Testcases.SafelockLogin" name="VERIFY_THAT_BLUETOOTH_IS_ENALBED_BY_CLICKING_ON_ALLOW_BUUTON" time="3.868"/>
  <system-out/>
  <testcase classname="Testcases.SafelockLogin" name="VERIFY_THAT_LOCATION_IS_ALLOWED_BY_CLICKING_ON_ALLOW_OPTION" time="8.982"/>
  <system-out/>
  <testcase classname="Testcases.SafelockLogin" name="VERIFY_THAT_SELECTED_LOCK_IS_SEARCHED_AND_CONNECTED_TO_THE_DEVICE" time="4.263"/>
  <system-out/>
  <testcase classname="Testcases.SafelockLogin" name="VERIFY_THAT_USER_LOADED_WITH_OPEN_LOCK_PAGE_ALONG_WITH_CONTROLLER_DETAILS" time="9.606"/>
  <system-out/>
  <testcase classname="Testcases.SafelockLogin" name="VERIFY_THAT_USER_NAVIAGETED_INTO_GET_OTP_SCREEN_SUCCESSFULLY" time="24.178"/>
  <system-out/>
  <testcase classname="Testcases.SafelockLogin" name="VERIFY_THAT_LOCK_OPENED_SUCCESSFILLY_AFTER_ENTERED_THE_OTP_By_Click_Submit_AND_STATUS_CHANGED_INTO_OPENED" time="11.207">
    <error message="Expected condition failed: waiting for visibility of element located by By.xpath: //android.view.View[contains(@content-desc, &#039;successfully opened&#039;)] (tried for 10 second(s) with 500 milliseconds interval)
Build info: version: &#039;4.21.0&#039;, revision: &#039;79ed462ef4&#039;
System info: os.name: &#039;Windows 10&#039;, os.arch: &#039;amd64&#039;, os.version: &#039;10.0&#039;, java.version: &#039;11.0.24&#039;
Driver info: io.appium.java_client.android.AndroidDriver
Capabilities {appium:app: F:\selyek 40.apk, appium:appPackage: com.sterna.s4r_saas, appium:automationName: UiAutomator2, appium:commandTimeout: 600, appium:databaseEnabled: false, appium:desired: {app: F:\selyek 40.apk, automationName: UiAutomator2, commandTimeout: 600, deviceName: TKW88H9TONSSQG6D, newCommandTimeout: 600, platformName: ANDROID, platformVersion: 12}, appium:deviceApiLevel: 31, appium:deviceManufacturer: OPPO, appium:deviceModel: CPH2119, appium:deviceName: TKW88H9TONSSQG6D, appium:deviceScreenDensity: 480, appium:deviceScreenSize: 1080x2400, appium:deviceUDID: TKW88H9TONSSQG6D, appium:javascriptEnabled: true, appium:locationContextEnabled: false, appium:networkConnectionEnabled: true, appium:newCommandTimeout: 600, appium:pixelRatio: 3, appium:platformVersion: 12, appium:statBarHeight: 110, appium:takesScreenshot: true, appium:viewportRect: {height: 2290, left: 0, top: 110, width: 1080}, appium:warnings: {}, appium:webStorageEnabled: false, platformName: ANDROID}
Session ID: 1fadb138-1c3a-48e1-b517-6c19c72223ee" type="org.openqa.selenium.TimeoutException">
      <![CDATA[org.openqa.selenium.TimeoutException: Expected condition failed: waiting for visibility of element located by By.xpath: //android.view.View[contains(@content-desc, 'successfully opened')] (tried for 10 second(s) with 500 milliseconds interval)
Build info: version: '4.21.0', revision: '79ed462ef4'
System info: os.name: 'Windows 10', os.arch: 'amd64', os.version: '10.0', java.version: '11.0.24'
Driver info: io.appium.java_client.android.AndroidDriver
Capabilities {appium:app: F:\selyek 40.apk, appium:appPackage: com.sterna.s4r_saas, appium:automationName: UiAutomator2, appium:commandTimeout: 600, appium:databaseEnabled: false, appium:desired: {app: F:\selyek 40.apk, automationName: UiAutomator2, commandTimeout: 600, deviceName: TKW88H9TONSSQG6D, newCommandTimeout: 600, platformName: ANDROID, platformVersion: 12}, appium:deviceApiLevel: 31, appium:deviceManufacturer: OPPO, appium:deviceModel: CPH2119, appium:deviceName: TKW88H9TONSSQG6D, appium:deviceScreenDensity: 480, appium:deviceScreenSize: 1080x2400, appium:deviceUDID: TKW88H9TONSSQG6D, appium:javascriptEnabled: true, appium:locationContextEnabled: false, appium:networkConnectionEnabled: true, appium:newCommandTimeout: 600, appium:pixelRatio: 3, appium:platformVersion: 12, appium:statBarHeight: 110, appium:takesScreenshot: true, appium:viewportRect: {height: 2290, left: 0, top: 110, width: 1080}, appium:warnings: {}, appium:webStorageEnabled: false, platformName: ANDROID}
Session ID: 1fadb138-1c3a-48e1-b517-6c19c72223ee
at org.openqa.selenium.support.ui.WebDriverWait.timeoutException(WebDriverWait.java:84)
at org.openqa.selenium.support.ui.FluentWait.until(FluentWait.java:228)
at Testcases.SafelockLogin.VERIFY_THAT_LOCK_OPENED_SUCCESSFILLY_AFTER_ENTERED_THE_OTP_By_Click_Submit_AND_STATUS_CHANGED_INTO_OPENED(SafelockLogin.java:234)
at java.base/jdk.internal.reflect.NativeMethodAccessorImpl.invoke0(Native Method)
at java.base/jdk.internal.reflect.NativeMethodAccessorImpl.invoke(NativeMethodAccessorImpl.java:62)
at java.base/jdk.internal.reflect.DelegatingMethodAccessorImpl.invoke(DelegatingMethodAccessorImpl.java:43)
at java.base/java.lang.reflect.Method.invoke(Method.java:566)
at org.testng.internal.MethodInvocationHelper.invokeMethod(MethodInvocationHelper.java:133)
at org.testng.internal.TestInvoker.invokeMethod(TestInvoker.java:598)
at org.testng.internal.TestInvoker.invokeTestMethod(TestInvoker.java:173)
at org.testng.internal.MethodRunner.runInSequence(MethodRunner.java:46)
at org.testng.internal.TestInvoker$MethodInvocationAgent.invoke(TestInvoker.java:824)
at org.testng.internal.TestInvoker.invokeTestMethods(TestInvoker.java:146)
at org.testng.internal.TestMethodWorker.invokeTestMethods(TestMethodWorker.java:146)
at org.testng.internal.TestMethodWorker.run(TestMethodWorker.java:128)
at java.base/java.util.ArrayList.forEach(ArrayList.java:1541)
at org.testng.TestRunner.privateRun(TestRunner.java:794)
at org.testng.TestRunner.run(TestRunner.java:596)
at org.testng.SuiteRunner.runTest(SuiteRunner.java:377)
at org.testng.SuiteRunner.runSequentially(SuiteRunner.java:371)
at org.testng.SuiteRunner.privateRun(SuiteRunner.java:332)
at org.testng.SuiteRunner.run(SuiteRunner.java:276)
at org.testng.SuiteRunnerWorker.runSuite(SuiteRunnerWorker.java:53)
at org.testng.SuiteRunnerWorker.run(SuiteRunnerWorker.java:96)
at org.testng.TestNG.runSuitesSequentially(TestNG.java:1212)
at org.testng.TestNG.runSuitesLocally(TestNG.java:1134)
at org.testng.TestNG.runSuites(TestNG.java:1063)
at org.testng.TestNG.run(TestNG.java:1031)
at org.testng.remote.AbstractRemoteTestNG.run(AbstractRemoteTestNG.java:115)
at org.testng.remote.RemoteTestNG.initAndRun(RemoteTestNG.java:293)
at org.testng.remote.RemoteTestNG.main(RemoteTestNG.java:91)
]]>
    </error>
  </testcase> <!-- VERIFY_THAT_LOCK_OPENED_SUCCESSFILLY_AFTER_ENTERED_THE_OTP_By_Click_Submit_AND_STATUS_CHANGED_INTO_OPENED -->
  <system-out/>
  <testcase classname="Testcases.SafelockLogin" name="VERIFY_THAT_LOCK_AUTOMATICALLY_CLOSED_AFTER_CONFIGURED_SECONDS_AND_STATUS_CHANGED_INTO_CLSOED" time="44.059">
    <error message="Expected condition failed: waiting for visibility of element located by By.xpath: //android.view.View[contains(@content-desc, &#039;Status&#039;)] (tried for 10 second(s) with 500 milliseconds interval)
Build info: version: &#039;4.21.0&#039;, revision: &#039;79ed462ef4&#039;
System info: os.name: &#039;Windows 10&#039;, os.arch: &#039;amd64&#039;, os.version: &#039;10.0&#039;, java.version: &#039;11.0.24&#039;
Driver info: io.appium.java_client.android.AndroidDriver
Capabilities {appium:app: F:\selyek 40.apk, appium:appPackage: com.sterna.s4r_saas, appium:automationName: UiAutomator2, appium:commandTimeout: 600, appium:databaseEnabled: false, appium:desired: {app: F:\selyek 40.apk, automationName: UiAutomator2, commandTimeout: 600, deviceName: TKW88H9TONSSQG6D, newCommandTimeout: 600, platformName: ANDROID, platformVersion: 12}, appium:deviceApiLevel: 31, appium:deviceManufacturer: OPPO, appium:deviceModel: CPH2119, appium:deviceName: TKW88H9TONSSQG6D, appium:deviceScreenDensity: 480, appium:deviceScreenSize: 1080x2400, appium:deviceUDID: TKW88H9TONSSQG6D, appium:javascriptEnabled: true, appium:locationContextEnabled: false, appium:networkConnectionEnabled: true, appium:newCommandTimeout: 600, appium:pixelRatio: 3, appium:platformVersion: 12, appium:statBarHeight: 110, appium:takesScreenshot: true, appium:viewportRect: {height: 2290, left: 0, top: 110, width: 1080}, appium:warnings: {}, appium:webStorageEnabled: false, platformName: ANDROID}
Session ID: 1fadb138-1c3a-48e1-b517-6c19c72223ee" type="org.openqa.selenium.TimeoutException">
      <![CDATA[org.openqa.selenium.TimeoutException: Expected condition failed: waiting for visibility of element located by By.xpath: //android.view.View[contains(@content-desc, 'Status')] (tried for 10 second(s) with 500 milliseconds interval)
Build info: version: '4.21.0', revision: '79ed462ef4'
System info: os.name: 'Windows 10', os.arch: 'amd64', os.version: '10.0', java.version: '11.0.24'
Driver info: io.appium.java_client.android.AndroidDriver
Capabilities {appium:app: F:\selyek 40.apk, appium:appPackage: com.sterna.s4r_saas, appium:automationName: UiAutomator2, appium:commandTimeout: 600, appium:databaseEnabled: false, appium:desired: {app: F:\selyek 40.apk, automationName: UiAutomator2, commandTimeout: 600, deviceName: TKW88H9TONSSQG6D, newCommandTimeout: 600, platformName: ANDROID, platformVersion: 12}, appium:deviceApiLevel: 31, appium:deviceManufacturer: OPPO, appium:deviceModel: CPH2119, appium:deviceName: TKW88H9TONSSQG6D, appium:deviceScreenDensity: 480, appium:deviceScreenSize: 1080x2400, appium:deviceUDID: TKW88H9TONSSQG6D, appium:javascriptEnabled: true, appium:locationContextEnabled: false, appium:networkConnectionEnabled: true, appium:newCommandTimeout: 600, appium:pixelRatio: 3, appium:platformVersion: 12, appium:statBarHeight: 110, appium:takesScreenshot: true, appium:viewportRect: {height: 2290, left: 0, top: 110, width: 1080}, appium:warnings: {}, appium:webStorageEnabled: false, platformName: ANDROID}
Session ID: 1fadb138-1c3a-48e1-b517-6c19c72223ee
at org.openqa.selenium.support.ui.WebDriverWait.timeoutException(WebDriverWait.java:84)
at org.openqa.selenium.support.ui.FluentWait.until(FluentWait.java:228)
at Testcases.SafelockLogin.VERIFY_THAT_LOCK_AUTOMATICALLY_CLOSED_AFTER_CONFIGURED_SECONDS_AND_STATUS_CHANGED_INTO_CLSOED(SafelockLogin.java:259)
at java.base/jdk.internal.reflect.NativeMethodAccessorImpl.invoke0(Native Method)
at java.base/jdk.internal.reflect.NativeMethodAccessorImpl.invoke(NativeMethodAccessorImpl.java:62)
at java.base/jdk.internal.reflect.DelegatingMethodAccessorImpl.invoke(DelegatingMethodAccessorImpl.java:43)
at java.base/java.lang.reflect.Method.invoke(Method.java:566)
at org.testng.internal.MethodInvocationHelper.invokeMethod(MethodInvocationHelper.java:133)
at org.testng.internal.TestInvoker.invokeMethod(TestInvoker.java:598)
at org.testng.internal.TestInvoker.invokeTestMethod(TestInvoker.java:173)
at org.testng.internal.MethodRunner.runInSequence(MethodRunner.java:46)
at org.testng.internal.TestInvoker$MethodInvocationAgent.invoke(TestInvoker.java:824)
at org.testng.internal.TestInvoker.invokeTestMethods(TestInvoker.java:146)
at org.testng.internal.TestMethodWorker.invokeTestMethods(TestMethodWorker.java:146)
at org.testng.internal.TestMethodWorker.run(TestMethodWorker.java:128)
at java.base/java.util.ArrayList.forEach(ArrayList.java:1541)
at org.testng.TestRunner.privateRun(TestRunner.java:794)
at org.testng.TestRunner.run(TestRunner.java:596)
at org.testng.SuiteRunner.runTest(SuiteRunner.java:377)
at org.testng.SuiteRunner.runSequentially(SuiteRunner.java:371)
at org.testng.SuiteRunner.privateRun(SuiteRunner.java:332)
at org.testng.SuiteRunner.run(SuiteRunner.java:276)
at org.testng.SuiteRunnerWorker.runSuite(SuiteRunnerWorker.java:53)
at org.testng.SuiteRunnerWorker.run(SuiteRunnerWorker.java:96)
at org.testng.TestNG.runSuitesSequentially(TestNG.java:1212)
at org.testng.TestNG.runSuitesLocally(TestNG.java:1134)
at org.testng.TestNG.runSuites(TestNG.java:1063)
at org.testng.TestNG.run(TestNG.java:1031)
at org.testng.remote.AbstractRemoteTestNG.run(AbstractRemoteTestNG.java:115)
at org.testng.remote.RemoteTestNG.initAndRun(RemoteTestNG.java:293)
at org.testng.remote.RemoteTestNG.main(RemoteTestNG.java:91)
]]>
    </error>
  </testcase> <!-- VERIFY_THAT_LOCK_AUTOMATICALLY_CLOSED_AFTER_CONFIGURED_SECONDS_AND_STATUS_CHANGED_INTO_CLSOED -->
  <system-out/>
  <testcase classname="Testcases.SafelockLogin" name="VERIFY_THAT_ALL_THE_PENDING_SYNC_EVENTS_SYNCED_SUCCESSFULLY" time="93.435"/>
  <system-out/>
</testsuite> <!-- Testcases.SafelockLogin -->
