<?xml version="1.0" encoding="UTF-8"?>
<!-- Generated by org.testng.reporters.JUnitXMLReporter -->
<testsuite ignored="0" hostname="DESKTOP-LQ6L55O" failures="4" tests="14" name="Test" time="111.56" errors="0" timestamp="2024-09-30T16:35:56 IST">
  <testcase classname="Testcases.SafelockLogin" name="VERIFY_THAT_SAFELOCK_USER_ENTER_THE_ACTIVATION_CODE_ON_ACTIVATION_FIELD" time="3.585"/>
  <testcase classname="Testcases.SafelockLogin" name="VERIFY_THAT_USER_NAVIGATED_INTO_LOGIN_PAGE_AFTER_CLICKED_SUBMIT_BUTTON" time="2.289"/>
  <testcase classname="Testcases.SafelockLogin" name="VERIFY_THAT_USER_ABLE_TO_ENTER_THE_EMAIL_ID_WHEN_KEYBOARD_APPEARS_BY_DEFAULT" time="3.272"/>
  <testcase classname="Testcases.SafelockLogin" name="VERIFY_THAT_USER_ABLE_TO_ENTER_THE_PASSWORD_ON_THE_PASSWORD_FIELD" time="3.436"/>
  <testcase classname="Testcases.SafelockLogin" name="VERIFY_THAT_SAFELOCK_APP_LOGGED_IN_SUCCESSFULLY_BY_CLICK_ON_SUBMIT_BUTTON" time="3.572"/>
  <testcase classname="Testcases.SafelockLogin" name="VERIFY_THAT_CREATED_ACCESS_IS_LISTED_IN_THE_ACCESS_PAGE" time="3.176">
    <failure type="org.openqa.selenium.NoSuchElementException" message="An element could not be located on the page using the given search parameters.
For documentation on this error, please visit: https://www.selenium.dev/documentation/webdriver/troubleshooting/errors#no-such-element-exception
Build info: version: &amp;apos;4.21.0&amp;apos;, revision: &amp;apos;79ed462ef4&amp;apos;
System info: os.name: &amp;apos;Windows 10&amp;apos;, os.arch: &amp;apos;amd64&amp;apos;, os.version: &amp;apos;10.0&amp;apos;, java.version: &amp;apos;11.0.24&amp;apos;
Driver info: io.appium.java_client.android.AndroidDriver
Command: [5b522380-43b4-42ac-9256-12de2c00c1c2, findElement {using=-android uiautomator, value=new UiSelector().description(&amp;quot;Access Name
demolock6
Date &amp;amp; Time Range
Fri, Sep 13, 2024 12:00 AM - Sat, Sep 13, 2025 11:30 PM
Available Days
MON
TUE
WED
THU
FRI
SAT
SUN&amp;quot;)}]
Capabilities {appium:app: F:\selyek 40.apk, appium:appPackage: com.sterna.s4r_saas, appium:automationName: UiAutomator2, appium:commandTimeout: 600, appium:databaseEnabled: false, appium:desired: {app: F:\selyek 40.apk, automationName: UiAutomator2, commandTimeout: 600, deviceName: TKW88H9TONSSQG6D, newCommandTimeout: 600, platformName: ANDROID, platformVersion: 12}, appium:deviceApiLevel: 31, appium:deviceManufacturer: OPPO, appium:deviceModel: CPH2119, appium:deviceName: TKW88H9TONSSQG6D, appium:deviceScreenDensity: 480, appium:deviceScreenSize: 1080x2400, appium:deviceUDID: TKW88H9TONSSQG6D, appium:javascriptEnabled: true, appium:locationContextEnabled: false, appium:networkConnectionEnabled: true, appium:newCommandTimeout: 600, appium:pixelRatio: 3, appium:platformVersion: 12, appium:statBarHeight: 110, appium:takesScreenshot: true, appium:viewportRect: {height: 2290, left: 0, top: 110, width: 1080}, appium:warnings: {}, appium:webStorageEnabled: false, platformName: ANDROID}
Session ID: 5b522380-43b4-42ac-9256-12de2c00c1c2">
      <![CDATA[org.openqa.selenium.NoSuchElementException: An element could not be located on the page using the given search parameters.
For documentation on this error, please visit: https://www.selenium.dev/documentation/webdriver/troubleshooting/errors#no-such-element-exception
Build info: version: '4.21.0', revision: '79ed462ef4'
System info: os.name: 'Windows 10', os.arch: 'amd64', os.version: '10.0', java.version: '11.0.24'
Driver info: io.appium.java_client.android.AndroidDriver
Command: [5b522380-43b4-42ac-9256-12de2c00c1c2, findElement {using=-android uiautomator, value=new UiSelector().description("Access Name
demolock6
Date & Time Range
Fri, Sep 13, 2024 12:00 AM - Sat, Sep 13, 2025 11:30 PM
Available Days
MON
TUE
WED
THU
FRI
SAT
SUN")}]
Capabilities {appium:app: F:\selyek 40.apk, appium:appPackage: com.sterna.s4r_saas, appium:automationName: UiAutomator2, appium:commandTimeout: 600, appium:databaseEnabled: false, appium:desired: {app: F:\selyek 40.apk, automationName: UiAutomator2, commandTimeout: 600, deviceName: TKW88H9TONSSQG6D, newCommandTimeout: 600, platformName: ANDROID, platformVersion: 12}, appium:deviceApiLevel: 31, appium:deviceManufacturer: OPPO, appium:deviceModel: CPH2119, appium:deviceName: TKW88H9TONSSQG6D, appium:deviceScreenDensity: 480, appium:deviceScreenSize: 1080x2400, appium:deviceUDID: TKW88H9TONSSQG6D, appium:javascriptEnabled: true, appium:locationContextEnabled: false, appium:networkConnectionEnabled: true, appium:newCommandTimeout: 600, appium:pixelRatio: 3, appium:platformVersion: 12, appium:statBarHeight: 110, appium:takesScreenshot: true, appium:viewportRect: {height: 2290, left: 0, top: 110, width: 1080}, appium:warnings: {}, appium:webStorageEnabled: false, platformName: ANDROID}
Session ID: 5b522380-43b4-42ac-9256-12de2c00c1c2
at org.openqa.selenium.remote.ErrorCodec.decode(ErrorCodec.java:167)
at org.openqa.selenium.remote.codec.w3c.W3CHttpResponseCodec.decode(W3CHttpResponseCodec.java:138)
at org.openqa.selenium.remote.codec.w3c.W3CHttpResponseCodec.decode(W3CHttpResponseCodec.java:50)
at org.openqa.selenium.remote.HttpCommandExecutor.execute(HttpCommandExecutor.java:190)
at io.appium.java_client.remote.AppiumCommandExecutor.execute(AppiumCommandExecutor.java:237)
at org.openqa.selenium.remote.RemoteWebDriver.execute(RemoteWebDriver.java:518)
at org.openqa.selenium.remote.ElementLocation$ElementFinder$2.findElement(ElementLocation.java:165)
at org.openqa.selenium.remote.ElementLocation.findElement(ElementLocation.java:66)
at org.openqa.selenium.remote.RemoteWebDriver.findElement(RemoteWebDriver.java:355)
at org.openqa.selenium.remote.RemoteWebDriver.findElement(RemoteWebDriver.java:349)
at Testcases.SafelockLogin.VERIFY_THAT_CREATED_ACCESS_IS_LISTED_IN_THE_ACCESS_PAGE(SafelockLogin.java:110)
at java.base/java.util.ArrayList.forEach(ArrayList.java:1541)
... Removed 31 stack frames]]>
    </failure>
  </testcase> <!-- VERIFY_THAT_CREATED_ACCESS_IS_LISTED_IN_THE_ACCESS_PAGE -->
  <testcase classname="Testcases.SafelockLogin" name="VERIFY_THAT_BLUETOOTH_IS_ENALBED_BY_CLICKING_ON_ALLOW_BUUTON" time="64.839"/>
  <testcase classname="Testcases.SafelockLogin" name="VERIFY_THAT_LOCATION_IS_ALLOWED_BY_CLICKING_ON_ALLOW_OPTION" time="3.029"/>
  <testcase classname="Testcases.SafelockLogin" name="VERIFY_THAT_SELECTED_LOCK_IS_SEARCHED_AND_CONNECTED_TO_THE_DEVICE" time="3.02"/>
  <testcase classname="Testcases.SafelockLogin" name="VERIFY_THAT_USER_LOADED_WITH_OPEN_LOCK_PAGE_ALONG_WITH_CONTROLLER_DETAILS" time="5.035">
    <failure type="org.openqa.selenium.WebDriverException" message="An unknown server-side error occurred while processing the command. Original error: &amp;apos;POST /element&amp;apos; cannot be proxied to UiAutomator2 server because the instrumentation process is not running (probably crashed). Check the server log and/or the logcat output for more details
Build info: version: &amp;apos;4.21.0&amp;apos;, revision: &amp;apos;79ed462ef4&amp;apos;
System info: os.name: &amp;apos;Windows 10&amp;apos;, os.arch: &amp;apos;amd64&amp;apos;, os.version: &amp;apos;10.0&amp;apos;, java.version: &amp;apos;11.0.24&amp;apos;
Driver info: io.appium.java_client.android.AndroidDriver
Command: [5b522380-43b4-42ac-9256-12de2c00c1c2, findElement {using=xpath, value=//android.view.View[@content-desc=&amp;apos;D1.A0003&amp;apos;]}]
Capabilities {appium:app: F:\selyek 40.apk, appium:appPackage: com.sterna.s4r_saas, appium:automationName: UiAutomator2, appium:commandTimeout: 600, appium:databaseEnabled: false, appium:desired: {app: F:\selyek 40.apk, automationName: UiAutomator2, commandTimeout: 600, deviceName: TKW88H9TONSSQG6D, newCommandTimeout: 600, platformName: ANDROID, platformVersion: 12}, appium:deviceApiLevel: 31, appium:deviceManufacturer: OPPO, appium:deviceModel: CPH2119, appium:deviceName: TKW88H9TONSSQG6D, appium:deviceScreenDensity: 480, appium:deviceScreenSize: 1080x2400, appium:deviceUDID: TKW88H9TONSSQG6D, appium:javascriptEnabled: true, appium:locationContextEnabled: false, appium:networkConnectionEnabled: true, appium:newCommandTimeout: 600, appium:pixelRatio: 3, appium:platformVersion: 12, appium:statBarHeight: 110, appium:takesScreenshot: true, appium:viewportRect: {height: 2290, left: 0, top: 110, width: 1080}, appium:warnings: {}, appium:webStorageEnabled: false, platformName: ANDROID}
Session ID: 5b522380-43b4-42ac-9256-12de2c00c1c2">
      <![CDATA[org.openqa.selenium.WebDriverException: An unknown server-side error occurred while processing the command. Original error: 'POST /element' cannot be proxied to UiAutomator2 server because the instrumentation process is not running (probably crashed). Check the server log and/or the logcat output for more details
Build info: version: '4.21.0', revision: '79ed462ef4'
System info: os.name: 'Windows 10', os.arch: 'amd64', os.version: '10.0', java.version: '11.0.24'
Driver info: io.appium.java_client.android.AndroidDriver
Command: [5b522380-43b4-42ac-9256-12de2c00c1c2, findElement {using=xpath, value=//android.view.View[@content-desc='D1.A0003']}]
Capabilities {appium:app: F:\selyek 40.apk, appium:appPackage: com.sterna.s4r_saas, appium:automationName: UiAutomator2, appium:commandTimeout: 600, appium:databaseEnabled: false, appium:desired: {app: F:\selyek 40.apk, automationName: UiAutomator2, commandTimeout: 600, deviceName: TKW88H9TONSSQG6D, newCommandTimeout: 600, platformName: ANDROID, platformVersion: 12}, appium:deviceApiLevel: 31, appium:deviceManufacturer: OPPO, appium:deviceModel: CPH2119, appium:deviceName: TKW88H9TONSSQG6D, appium:deviceScreenDensity: 480, appium:deviceScreenSize: 1080x2400, appium:deviceUDID: TKW88H9TONSSQG6D, appium:javascriptEnabled: true, appium:locationContextEnabled: false, appium:networkConnectionEnabled: true, appium:newCommandTimeout: 600, appium:pixelRatio: 3, appium:platformVersion: 12, appium:statBarHeight: 110, appium:takesScreenshot: true, appium:viewportRect: {height: 2290, left: 0, top: 110, width: 1080}, appium:warnings: {}, appium:webStorageEnabled: false, platformName: ANDROID}
Session ID: 5b522380-43b4-42ac-9256-12de2c00c1c2
at org.openqa.selenium.remote.ErrorCodec.decode(ErrorCodec.java:167)
at org.openqa.selenium.remote.codec.w3c.W3CHttpResponseCodec.decode(W3CHttpResponseCodec.java:138)
at org.openqa.selenium.remote.codec.w3c.W3CHttpResponseCodec.decode(W3CHttpResponseCodec.java:50)
at org.openqa.selenium.remote.HttpCommandExecutor.execute(HttpCommandExecutor.java:190)
at io.appium.java_client.remote.AppiumCommandExecutor.execute(AppiumCommandExecutor.java:237)
at org.openqa.selenium.remote.RemoteWebDriver.execute(RemoteWebDriver.java:518)
at org.openqa.selenium.remote.ElementLocation$ElementFinder$2.findElement(ElementLocation.java:165)
at org.openqa.selenium.remote.ElementLocation.findElement(ElementLocation.java:59)
at org.openqa.selenium.remote.RemoteWebDriver.findElement(RemoteWebDriver.java:355)
at org.openqa.selenium.remote.RemoteWebDriver.findElement(RemoteWebDriver.java:349)
at org.openqa.selenium.support.pagefactory.DefaultElementLocator.findElement(DefaultElementLocator.java:68)
at org.openqa.selenium.support.pagefactory.internal.LocatingElementHandler.invoke(LocatingElementHandler.java:38)
at com.sun.proxy.$Proxy14.getAttribute(Unknown Source)
at Testcases.SafelockLogin.VERIFY_THAT_USER_LOADED_WITH_OPEN_LOCK_PAGE_ALONG_WITH_CONTROLLER_DETAILS(SafelockLogin.java:148)
at java.base/java.util.ArrayList.forEach(ArrayList.java:1541)
... Removed 31 stack frames]]>
    </failure>
  </testcase> <!-- VERIFY_THAT_USER_LOADED_WITH_OPEN_LOCK_PAGE_ALONG_WITH_CONTROLLER_DETAILS -->
  <testcase classname="Testcases.SafelockLogin" name="VERIFY_THAT_USER_NAVIAGETED_INTO_GET_OTP_SCREEN_SUCCESSFULLY" time="2.077"/>
  <testcase classname="Testcases.SafelockLogin" name="VERIFY_THAT_LOCK_OPENED_SUCCESSFILLY_AFTER_ENTERED_THE_OTP_By_Click_Submit_AND_STATUS_CHANGED_INTO_OPENED" time="0.011">
    <failure type="org.openqa.selenium.WebDriverException" message="An unknown server-side error occurred while processing the command. Original error: &amp;apos;POST /element&amp;apos; cannot be proxied to UiAutomator2 server because the instrumentation process is not running (probably crashed). Check the server log and/or the logcat output for more details
Build info: version: &amp;apos;4.21.0&amp;apos;, revision: &amp;apos;79ed462ef4&amp;apos;
System info: os.name: &amp;apos;Windows 10&amp;apos;, os.arch: &amp;apos;amd64&amp;apos;, os.version: &amp;apos;10.0&amp;apos;, java.version: &amp;apos;11.0.24&amp;apos;
Driver info: io.appium.java_client.android.AndroidDriver
Command: [5b522380-43b4-42ac-9256-12de2c00c1c2, findElement {using=xpath, value=//android.view.View[contains(@content-desc, &amp;apos;successfully opened&amp;apos;)]}]
Capabilities {appium:app: F:\selyek 40.apk, appium:appPackage: com.sterna.s4r_saas, appium:automationName: UiAutomator2, appium:commandTimeout: 600, appium:databaseEnabled: false, appium:desired: {app: F:\selyek 40.apk, automationName: UiAutomator2, commandTimeout: 600, deviceName: TKW88H9TONSSQG6D, newCommandTimeout: 600, platformName: ANDROID, platformVersion: 12}, appium:deviceApiLevel: 31, appium:deviceManufacturer: OPPO, appium:deviceModel: CPH2119, appium:deviceName: TKW88H9TONSSQG6D, appium:deviceScreenDensity: 480, appium:deviceScreenSize: 1080x2400, appium:deviceUDID: TKW88H9TONSSQG6D, appium:javascriptEnabled: true, appium:locationContextEnabled: false, appium:networkConnectionEnabled: true, appium:newCommandTimeout: 600, appium:pixelRatio: 3, appium:platformVersion: 12, appium:statBarHeight: 110, appium:takesScreenshot: true, appium:viewportRect: {height: 2290, left: 0, top: 110, width: 1080}, appium:warnings: {}, appium:webStorageEnabled: false, platformName: ANDROID}
Session ID: 5b522380-43b4-42ac-9256-12de2c00c1c2">
      <![CDATA[org.openqa.selenium.WebDriverException: An unknown server-side error occurred while processing the command. Original error: 'POST /element' cannot be proxied to UiAutomator2 server because the instrumentation process is not running (probably crashed). Check the server log and/or the logcat output for more details
Build info: version: '4.21.0', revision: '79ed462ef4'
System info: os.name: 'Windows 10', os.arch: 'amd64', os.version: '10.0', java.version: '11.0.24'
Driver info: io.appium.java_client.android.AndroidDriver
Command: [5b522380-43b4-42ac-9256-12de2c00c1c2, findElement {using=xpath, value=//android.view.View[contains(@content-desc, 'successfully opened')]}]
Capabilities {appium:app: F:\selyek 40.apk, appium:appPackage: com.sterna.s4r_saas, appium:automationName: UiAutomator2, appium:commandTimeout: 600, appium:databaseEnabled: false, appium:desired: {app: F:\selyek 40.apk, automationName: UiAutomator2, commandTimeout: 600, deviceName: TKW88H9TONSSQG6D, newCommandTimeout: 600, platformName: ANDROID, platformVersion: 12}, appium:deviceApiLevel: 31, appium:deviceManufacturer: OPPO, appium:deviceModel: CPH2119, appium:deviceName: TKW88H9TONSSQG6D, appium:deviceScreenDensity: 480, appium:deviceScreenSize: 1080x2400, appium:deviceUDID: TKW88H9TONSSQG6D, appium:javascriptEnabled: true, appium:locationContextEnabled: false, appium:networkConnectionEnabled: true, appium:newCommandTimeout: 600, appium:pixelRatio: 3, appium:platformVersion: 12, appium:statBarHeight: 110, appium:takesScreenshot: true, appium:viewportRect: {height: 2290, left: 0, top: 110, width: 1080}, appium:warnings: {}, appium:webStorageEnabled: false, platformName: ANDROID}
Session ID: 5b522380-43b4-42ac-9256-12de2c00c1c2
at org.openqa.selenium.remote.ErrorCodec.decode(ErrorCodec.java:167)
at org.openqa.selenium.remote.codec.w3c.W3CHttpResponseCodec.decode(W3CHttpResponseCodec.java:138)
at org.openqa.selenium.remote.codec.w3c.W3CHttpResponseCodec.decode(W3CHttpResponseCodec.java:50)
at org.openqa.selenium.remote.HttpCommandExecutor.execute(HttpCommandExecutor.java:190)
at io.appium.java_client.remote.AppiumCommandExecutor.execute(AppiumCommandExecutor.java:237)
at org.openqa.selenium.remote.RemoteWebDriver.execute(RemoteWebDriver.java:518)
at org.openqa.selenium.remote.ElementLocation$ElementFinder$2.findElement(ElementLocation.java:165)
at org.openqa.selenium.remote.ElementLocation.findElement(ElementLocation.java:59)
at org.openqa.selenium.remote.RemoteWebDriver.findElement(RemoteWebDriver.java:355)
at org.openqa.selenium.remote.RemoteWebDriver.findElement(RemoteWebDriver.java:349)
at org.openqa.selenium.support.ui.ExpectedConditions$7.apply(ExpectedConditions.java:194)
at org.openqa.selenium.support.ui.ExpectedConditions$7.apply(ExpectedConditions.java:190)
at org.openqa.selenium.support.ui.FluentWait.until(FluentWait.java:203)
at Testcases.SafelockLogin.VERIFY_THAT_LOCK_OPENED_SUCCESSFILLY_AFTER_ENTERED_THE_OTP_By_Click_Submit_AND_STATUS_CHANGED_INTO_OPENED(SafelockLogin.java:209)
at java.base/java.util.ArrayList.forEach(ArrayList.java:1541)
... Removed 31 stack frames]]>
    </failure>
  </testcase> <!-- VERIFY_THAT_LOCK_OPENED_SUCCESSFILLY_AFTER_ENTERED_THE_OTP_By_Click_Submit_AND_STATUS_CHANGED_INTO_OPENED -->
  <testcase classname="Testcases.SafelockLogin" name="VERIFY_THAT_LOCK_AUTOMATICALLY_CLOSED_AFTER_CONFIGURED_SECONDS_AND_STATUS_CHANGED_INTO_CLSOED" time="11.042">
    <failure type="org.openqa.selenium.WebDriverException" message="An unknown server-side error occurred while processing the command. Original error: &amp;apos;POST /element&amp;apos; cannot be proxied to UiAutomator2 server because the instrumentation process is not running (probably crashed). Check the server log and/or the logcat output for more details
Build info: version: &amp;apos;4.21.0&amp;apos;, revision: &amp;apos;79ed462ef4&amp;apos;
System info: os.name: &amp;apos;Windows 10&amp;apos;, os.arch: &amp;apos;amd64&amp;apos;, os.version: &amp;apos;10.0&amp;apos;, java.version: &amp;apos;11.0.24&amp;apos;
Driver info: io.appium.java_client.android.AndroidDriver
Command: [5b522380-43b4-42ac-9256-12de2c00c1c2, findElement {using=xpath, value=//android.view.View[contains(@content-desc, &amp;apos;Status&amp;apos;)]}]
Capabilities {appium:app: F:\selyek 40.apk, appium:appPackage: com.sterna.s4r_saas, appium:automationName: UiAutomator2, appium:commandTimeout: 600, appium:databaseEnabled: false, appium:desired: {app: F:\selyek 40.apk, automationName: UiAutomator2, commandTimeout: 600, deviceName: TKW88H9TONSSQG6D, newCommandTimeout: 600, platformName: ANDROID, platformVersion: 12}, appium:deviceApiLevel: 31, appium:deviceManufacturer: OPPO, appium:deviceModel: CPH2119, appium:deviceName: TKW88H9TONSSQG6D, appium:deviceScreenDensity: 480, appium:deviceScreenSize: 1080x2400, appium:deviceUDID: TKW88H9TONSSQG6D, appium:javascriptEnabled: true, appium:locationContextEnabled: false, appium:networkConnectionEnabled: true, appium:newCommandTimeout: 600, appium:pixelRatio: 3, appium:platformVersion: 12, appium:statBarHeight: 110, appium:takesScreenshot: true, appium:viewportRect: {height: 2290, left: 0, top: 110, width: 1080}, appium:warnings: {}, appium:webStorageEnabled: false, platformName: ANDROID}
Session ID: 5b522380-43b4-42ac-9256-12de2c00c1c2">
      <![CDATA[org.openqa.selenium.WebDriverException: An unknown server-side error occurred while processing the command. Original error: 'POST /element' cannot be proxied to UiAutomator2 server because the instrumentation process is not running (probably crashed). Check the server log and/or the logcat output for more details
Build info: version: '4.21.0', revision: '79ed462ef4'
System info: os.name: 'Windows 10', os.arch: 'amd64', os.version: '10.0', java.version: '11.0.24'
Driver info: io.appium.java_client.android.AndroidDriver
Command: [5b522380-43b4-42ac-9256-12de2c00c1c2, findElement {using=xpath, value=//android.view.View[contains(@content-desc, 'Status')]}]
Capabilities {appium:app: F:\selyek 40.apk, appium:appPackage: com.sterna.s4r_saas, appium:automationName: UiAutomator2, appium:commandTimeout: 600, appium:databaseEnabled: false, appium:desired: {app: F:\selyek 40.apk, automationName: UiAutomator2, commandTimeout: 600, deviceName: TKW88H9TONSSQG6D, newCommandTimeout: 600, platformName: ANDROID, platformVersion: 12}, appium:deviceApiLevel: 31, appium:deviceManufacturer: OPPO, appium:deviceModel: CPH2119, appium:deviceName: TKW88H9TONSSQG6D, appium:deviceScreenDensity: 480, appium:deviceScreenSize: 1080x2400, appium:deviceUDID: TKW88H9TONSSQG6D, appium:javascriptEnabled: true, appium:locationContextEnabled: false, appium:networkConnectionEnabled: true, appium:newCommandTimeout: 600, appium:pixelRatio: 3, appium:platformVersion: 12, appium:statBarHeight: 110, appium:takesScreenshot: true, appium:viewportRect: {height: 2290, left: 0, top: 110, width: 1080}, appium:warnings: {}, appium:webStorageEnabled: false, platformName: ANDROID}
Session ID: 5b522380-43b4-42ac-9256-12de2c00c1c2
at org.openqa.selenium.remote.ErrorCodec.decode(ErrorCodec.java:167)
at org.openqa.selenium.remote.codec.w3c.W3CHttpResponseCodec.decode(W3CHttpResponseCodec.java:138)
at org.openqa.selenium.remote.codec.w3c.W3CHttpResponseCodec.decode(W3CHttpResponseCodec.java:50)
at org.openqa.selenium.remote.HttpCommandExecutor.execute(HttpCommandExecutor.java:190)
at io.appium.java_client.remote.AppiumCommandExecutor.execute(AppiumCommandExecutor.java:237)
at org.openqa.selenium.remote.RemoteWebDriver.execute(RemoteWebDriver.java:518)
at org.openqa.selenium.remote.ElementLocation$ElementFinder$2.findElement(ElementLocation.java:165)
at org.openqa.selenium.remote.ElementLocation.findElement(ElementLocation.java:59)
at org.openqa.selenium.remote.RemoteWebDriver.findElement(RemoteWebDriver.java:355)
at org.openqa.selenium.remote.RemoteWebDriver.findElement(RemoteWebDriver.java:349)
at org.openqa.selenium.support.ui.ExpectedConditions$7.apply(ExpectedConditions.java:194)
at org.openqa.selenium.support.ui.ExpectedConditions$7.apply(ExpectedConditions.java:190)
at org.openqa.selenium.support.ui.FluentWait.until(FluentWait.java:203)
at Testcases.SafelockLogin.VERIFY_THAT_LOCK_AUTOMATICALLY_CLOSED_AFTER_CONFIGURED_SECONDS_AND_STATUS_CHANGED_INTO_CLSOED(SafelockLogin.java:234)
at java.base/java.util.ArrayList.forEach(ArrayList.java:1541)
... Removed 31 stack frames]]>
    </failure>
  </testcase> <!-- VERIFY_THAT_LOCK_AUTOMATICALLY_CLOSED_AFTER_CONFIGURED_SECONDS_AND_STATUS_CHANGED_INTO_CLSOED -->
  <testcase classname="Testcases.SafelockLogin" name="VERIFY_THAT_ALL_THE_PENDING_SYNC_EVENTS_SYNCED_SUCCESSFULLY" time="3.034"/>
</testsuite> <!-- Test -->
